<?xml version="1.0" encoding="UTF-8"?>
<!-- Generated by org.testng.reporters.JUnitXMLReporter -->
<testsuite hostname="AN-SGHALI.local" name="Default test" tests="7" failures="0" timestamp="20 Mar 2016 16:35:10 GMT" time="0.063" errors="0">
  <testcase name="DisplayGraphDependancies" time="0.03" classname="test.GraphTest"/>
  <testcase name="DisplayGraphDependanciesIndentedPattern" time="0.0040" classname="test.GraphTest"/>
  <testcase name="DisplayGraphDependanciesInvalid" time="0.0010" classname="test.GraphTest"/>
  <testcase name="IsGraphHierarchyCorrectForInsertionOrder" time="0.0040" classname="test.GraphTest"/>
  <testcase name="IsGraphHierarchyFalseForNonInsertionOrderGraph" time="0.0030" classname="test.GraphTest"/>
  <testcase name="ValidatePossiblePaths" time="0.0020" classname="test.GraphTest"/>
  <testcase name="ValidatePossiblePathsForNonExistNode" time="0.0030" classname="test.GraphTest"/>
</testsuite> <!-- Default test -->
