<?xml version="1.0" encoding="UTF-8"?>
<!-- Generated by org.testng.reporters.JUnitXMLReporter -->
<testsuite hostname="AN-SGHALI.local" name="GraphTest" tests="4" failures="0" timestamp="20 Mar 2016 08:42:40 GMT" time="0.026" errors="0">
  <testcase name="IsGraphHierarchyCorrectForInsertionOrder" time="0.0080" classname="test.GraphTest"/>
  <testcase name="IsGraphHierarchyFalseForNonInsertionOrgerGraph" time="0.0020" classname="test.GraphTest"/>
  <testcase name="DisplayGraphDependanciesIndentedPattern" time="0.0040" classname="test.GraphTest"/>
  <testcase name="ValidatePossiblePaths" time="0.0010" classname="test.GraphTest"/>
</testsuite> <!-- GraphTest -->
