<?xml version="1.0" encoding="UTF-8"?>
<!-- Generated by org.testng.reporters.JUnitXMLReporter -->
<testsuite hostname="AN-SGHALI.local" name="GraphTest" tests="7" failures="0" timestamp="20 Mar 2016 16:13:24 GMT" time="0.067" errors="0">
  <testcase name="IsGraphHierarchyCorrectForInsertionOrder" time="0.037" classname="test.GraphTest"/>
  <testcase name="IsGraphHierarchyFalseForNonInsertionOrgerGraph" time="0.0020" classname="test.GraphTest"/>
  <testcase name="DisplayGraphDependanciesIndentedPattern" time="0.0030" classname="test.GraphTest"/>
  <testcase name="ValidatePossiblePaths" time="0.0020" classname="test.GraphTest"/>
  <testcase name="ValidatePossiblePathsForNonExistNode" time="0.0020" classname="test.GraphTest"/>
  <testcase name="DisplayGraphDependancies" time="0.0020" classname="test.GraphTest"/>
  <testcase name="DisplayGraphDependanciesInvalid" time="0.0010" classname="test.GraphTest"/>
</testsuite> <!-- GraphTest -->
