<?xml version="1.0" encoding="UTF-8"?>
<testng-results skipped="0" failed="0" total="7" passed="7">
  <reporter-output>
  </reporter-output>
  <suite name="TestAutomation" duration-ms="67" started-at="2016-03-20T16:13:24Z" finished-at="2016-03-20T16:13:24Z">
    <groups>
    </groups>
    <test name="GraphTest" duration-ms="67" started-at="2016-03-20T16:13:24Z" finished-at="2016-03-20T16:13:24Z">
      <class name="test.GraphTest">
        <test-method status="PASS" signature="IsGraphHierarchyCorrectForInsertionOrder()[pri:0, instance:test.GraphTest@1c5d9084]" name="IsGraphHierarchyCorrectForInsertionOrder" duration-ms="37" started-at="2016-03-20T11:13:24Z" finished-at="2016-03-20T11:13:24Z">
          <reporter-output>
          </reporter-output>
        </test-method> <!-- IsGraphHierarchyCorrectForInsertionOrder -->
        <test-method status="PASS" signature="IsGraphHierarchyFalseForNonInsertionOrgerGraph()[pri:0, instance:test.GraphTest@1c5d9084]" name="IsGraphHierarchyFalseForNonInsertionOrgerGraph" duration-ms="2" started-at="2016-03-20T11:13:24Z" finished-at="2016-03-20T11:13:24Z">
          <reporter-output>
          </reporter-output>
        </test-method> <!-- IsGraphHierarchyFalseForNonInsertionOrgerGraph -->
        <test-method status="PASS" signature="DisplayGraphDependanciesIndentedPattern()[pri:0, instance:test.GraphTest@1c5d9084]" name="DisplayGraphDependanciesIndentedPattern" duration-ms="3" started-at="2016-03-20T11:13:24Z" finished-at="2016-03-20T11:13:24Z">
          <reporter-output>
          </reporter-output>
        </test-method> <!-- DisplayGraphDependanciesIndentedPattern -->
        <test-method status="PASS" signature="ValidatePossiblePaths(java.lang.String, java.lang.String, int)[pri:0, instance:test.GraphTest@1c5d9084]" name="ValidatePossiblePaths" duration-ms="2" started-at="2016-03-20T11:13:24Z" finished-at="2016-03-20T11:13:24Z">
          <params>
            <param index="0">
              <value>
                <![CDATA[A]]>
              </value>
            </param>
            <param index="1">
              <value>
                <![CDATA[J]]>
              </value>
            </param>
            <param index="2">
              <value>
                <![CDATA[2]]>
              </value>
            </param>
          </params>
          <reporter-output>
          </reporter-output>
        </test-method> <!-- ValidatePossiblePaths -->
        <test-method status="PASS" signature="ValidatePossiblePathsForNonExistNode(java.lang.String, java.lang.String, int)[pri:0, instance:test.GraphTest@1c5d9084]" name="ValidatePossiblePathsForNonExistNode" duration-ms="2" started-at="2016-03-20T11:13:24Z" finished-at="2016-03-20T11:13:24Z">
          <params>
            <param index="0">
              <value>
                <![CDATA[A]]>
              </value>
            </param>
            <param index="1">
              <value>
                <![CDATA[Z]]>
              </value>
            </param>
            <param index="2">
              <value>
                <![CDATA[0]]>
              </value>
            </param>
          </params>
          <reporter-output>
          </reporter-output>
        </test-method> <!-- ValidatePossiblePathsForNonExistNode -->
        <test-method status="PASS" signature="DisplayGraphDependancies(java.lang.String)[pri:0, instance:test.GraphTest@1c5d9084]" name="DisplayGraphDependancies" duration-ms="2" started-at="2016-03-20T11:13:24Z" finished-at="2016-03-20T11:13:24Z">
          <params>
            <param index="0">
              <value>
                <![CDATA[./src/testData/graph2]]>
              </value>
            </param>
          </params>
          <reporter-output>
          </reporter-output>
        </test-method> <!-- DisplayGraphDependancies -->
        <test-method status="PASS" signature="DisplayGraphDependanciesInvalid(java.lang.String)[pri:0, instance:test.GraphTest@1c5d9084]" name="DisplayGraphDependanciesInvalid" duration-ms="1" started-at="2016-03-20T11:13:24Z" finished-at="2016-03-20T11:13:24Z">
          <params>
            <param index="0">
              <value>
                <![CDATA[./src/testData/invalidGraph]]>
              </value>
            </param>
          </params>
          <reporter-output>
          </reporter-output>
        </test-method> <!-- DisplayGraphDependanciesInvalid -->
      </class> <!-- test.GraphTest -->
    </test> <!-- GraphTest -->
  </suite> <!-- TestAutomation -->
</testng-results>
